{"/Users/qiwenhao/github/node-build/test.spec.js":{"path":"/Users/qiwenhao/github/node-build/test.spec.js","s":{"1":1,"2":1,"3":1,"4":1,"5":1,"6":1,"7":1,"8":1,"9":1,"10":1,"11":1,"12":1},"b":{},"f":{"1":1,"2":1,"3":1,"4":1,"5":1,"6":1},"fnMap":{"1":{"name":"(anonymous_1)","line":4,"loc":{"start":{"line":4,"column":15},"end":{"line":4,"column":27}}},"2":{"name":"(anonymous_2)","line":5,"loc":{"start":{"line":5,"column":19},"end":{"line":5,"column":31}}},"3":{"name":"(anonymous_3)","line":9,"loc":{"start":{"line":9,"column":16},"end":{"line":9,"column":28}}},"4":{"name":"(anonymous_4)","line":13,"loc":{"start":{"line":13,"column":16},"end":{"line":13,"column":28}}},"5":{"name":"(anonymous_5)","line":17,"loc":{"start":{"line":17,"column":17},"end":{"line":17,"column":29}}},"6":{"name":"(anonymous_6)","line":18,"loc":{"start":{"line":18,"column":5},"end":{"line":18,"column":17}}}},"statementMap":{"1":{"start":{"line":1,"column":0},"end":{"line":1,"column":31}},"2":{"start":{"line":2,"column":0},"end":{"line":2,"column":33}},"3":{"start":{"line":4,"column":0},"end":{"line":22,"column":3}},"4":{"start":{"line":5,"column":2},"end":{"line":7,"column":5}},"5":{"start":{"line":6,"column":4},"end":{"line":6,"column":40}},"6":{"start":{"line":9,"column":2},"end":{"line":11,"column":5}},"7":{"start":{"line":10,"column":4},"end":{"line":10,"column":38}},"8":{"start":{"line":13,"column":2},"end":{"line":15,"column":5}},"9":{"start":{"line":14,"column":4},"end":{"line":14,"column":38}},"10":{"start":{"line":17,"column":2},"end":{"line":21,"column":5}},"11":{"start":{"line":18,"column":4},"end":{"line":20,"column":44}},"12":{"start":{"line":19,"column":6},"end":{"line":19,"column":27}}},"branchMap":{}},"/Users/qiwenhao/github/node-build/main.js":{"path":"/Users/qiwenhao/github/node-build/main.js","s":{"1":1,"2":112,"3":1,"4":111,"5":57,"6":57,"7":54,"8":1,"9":0,"10":0,"11":0,"12":1},"b":{"1":[1,111],"2":[57,54],"3":[0,1]},"f":{},"fnMap":{},"statementMap":{"1":{"start":{"line":1,"column":0},"end":{"line":10,"column":2}},"2":{"start":{"line":2,"column":2},"end":{"line":4,"column":3}},"3":{"start":{"line":3,"column":4},"end":{"line":3,"column":44}},"4":{"start":{"line":5,"column":2},"end":{"line":8,"column":3}},"5":{"start":{"line":6,"column":4},"end":{"line":6,"column":25}},"6":{"start":{"line":7,"column":4},"end":{"line":7,"column":12}},"7":{"start":{"line":9,"column":2},"end":{"line":9,"column":40}},"8":{"start":{"line":12,"column":0},"end":{"line":18,"column":1}},"9":{"start":{"line":15,"column":2},"end":{"line":15,"column":36}},"10":{"start":{"line":16,"column":2},"end":{"line":16,"column":28}},"11":{"start":{"line":17,"column":2},"end":{"line":17,"column":55}},"12":{"start":{"line":20,"column":0},"end":{"line":22,"column":1}}},"branchMap":{"1":{"line":2,"type":"if","locations":[{"start":{"line":2,"column":2},"end":{"line":2,"column":2}},{"start":{"line":2,"column":2},"end":{"line":2,"column":2}}]},"2":{"line":5,"type":"if","locations":[{"start":{"line":5,"column":2},"end":{"line":5,"column":2}},{"start":{"line":5,"column":2},"end":{"line":5,"column":2}}]},"3":{"line":12,"type":"if","locations":[{"start":{"line":12,"column":0},"end":{"line":12,"column":0}},{"start":{"line":12,"column":0},"end":{"line":12,"column":0}}]}}}}